<?xml version="1.0" encoding="UTF-8"?>
<testng-results ignored="0" total="1" passed="1" failed="0" skipped="0">
  <reporter-output>
  </reporter-output>
  <suite started-at="2024-12-03T22:05:20 IST" name="Default suite" finished-at="2024-12-03T22:05:50 IST" duration-ms="29586">
    <groups>
    </groups>
    <test started-at="2024-12-03T22:05:20 IST" name="Default test" finished-at="2024-12-03T22:05:50 IST" duration-ms="29586">
      <class name="practiceWithTestng.HandlingNewTab">
        <test-method signature="newTab()[pri:0, instance:practiceWithTestng.HandlingNewTab@27f981c6]" started-at="2024-12-03T22:05:20 IST" name="newTab" finished-at="2024-12-03T22:05:50 IST" duration-ms="29533" status="PASS">
          <reporter-output>
          </reporter-output>
        </test-method> <!-- newTab -->
      </class> <!-- practiceWithTestng.HandlingNewTab -->
    </test> <!-- Default test -->
  </suite> <!-- Default suite -->
</testng-results>
